[2024-01-01 10:42:57] Outer: train folds [1, 2, 3, 4], test folds 0
[2024-01-01 10:42:57] ------------------------------------------------------------
[2024-01-01 10:42:57] Hidden size: 2048 | Learning rate: 0.001
[2024-01-01 10:43:02] Start inner loop: train folds [2, 3, 4], valid folds [1]
[2024-01-01 10:44:52] Start inner loop: train folds [1, 3, 4], valid folds [2]
[2024-01-01 10:46:38] Start inner loop: train folds [1, 2, 4], valid folds [3]
[2024-01-01 10:48:26] Start inner loop: train folds [1, 2, 3], valid folds [4]
[2024-01-01 10:55:48] Inner loop completed. Mean valid loss: 29.8308
[2024-01-01 10:55:48] ------------------------------------------------------------
[2024-01-01 10:56:00] Best hidden size: 2048 | Best learning rate: 0.001
[2024-01-01 10:56:00] Start test on fold [0].
[2024-01-01 10:58:09] Test loss: 27.7830
[2024-01-01 10:58:09] Test accuracy: 0.9517
[2024-01-01 10:58:09] Test recall: 0.3278
[2024-01-01 10:58:09] ************************************************************

[2024-01-01 10:58:09] Outer: train folds [0, 2, 3, 4], test folds 1
[2024-01-01 10:58:09] ------------------------------------------------------------
[2024-01-01 10:58:09] Hidden size: 2048 | Learning rate: 0.001
[2024-01-01 10:58:13] Start inner loop: train folds [2, 3, 4], valid folds [0]
[2024-01-01 11:00:01] Start inner loop: train folds [0, 3, 4], valid folds [2]
[2024-01-01 11:01:49] Start inner loop: train folds [0, 2, 4], valid folds [3]
[2024-01-01 11:03:38] Start inner loop: train folds [0, 2, 3], valid folds [4]
[2024-01-01 11:05:20] Inner loop completed. Mean valid loss: 32.9179
[2024-01-01 11:05:20] ------------------------------------------------------------
[2024-01-01 11:05:32] Best hidden size: 2048 | Best learning rate: 0.001
[2024-01-01 11:05:32] Start test on fold [1].
[2024-01-01 11:07:37] Test loss: 21.2950
[2024-01-01 11:07:37] Test accuracy: 0.9542
[2024-01-01 11:07:37] Test recall: 0.2550
[2024-01-01 11:07:37] ************************************************************

[2024-01-01 11:07:37] Outer: train folds [0, 1, 3, 4], test folds 2
[2024-01-01 11:07:37] ------------------------------------------------------------
[2024-01-01 11:07:37] Hidden size: 2048 | Learning rate: 0.001
[2024-01-01 11:07:42] Start inner loop: train folds [1, 3, 4], valid folds [0]
[2024-01-01 11:09:30] Start inner loop: train folds [0, 3, 4], valid folds [1]
[2024-01-01 11:11:15] Start inner loop: train folds [0, 1, 4], valid folds [3]
[2024-01-01 11:13:02] Start inner loop: train folds [0, 1, 3], valid folds [4]
[2024-01-01 11:18:34] Inner loop completed. Mean valid loss: 31.4127
[2024-01-01 11:18:34] ------------------------------------------------------------
[2024-01-01 11:18:47] Best hidden size: 2048 | Best learning rate: 0.001
[2024-01-01 11:18:47] Start test on fold [2].
[2024-01-01 11:20:54] Test loss: 25.1590
[2024-01-01 11:20:54] Test accuracy: 0.9517
[2024-01-01 11:20:54] Test recall: 0.3376
[2024-01-01 11:20:54] ************************************************************

[2024-01-01 11:20:54] Outer: train folds [0, 1, 2, 4], test folds 3
[2024-01-01 11:20:54] ------------------------------------------------------------
[2024-01-01 11:20:54] Hidden size: 2048 | Learning rate: 0.001
[2024-01-01 11:20:59] Start inner loop: train folds [1, 2, 4], valid folds [0]
[2024-01-01 11:22:42] Start inner loop: train folds [0, 2, 4], valid folds [1]
[2024-01-01 11:24:29] Start inner loop: train folds [0, 1, 4], valid folds [2]
[2024-01-01 11:26:16] Start inner loop: train folds [0, 1, 2], valid folds [4]
[2024-01-01 11:28:10] Inner loop completed. Mean valid loss: 32.2714
[2024-01-01 11:28:10] ------------------------------------------------------------
[2024-01-01 11:28:22] Best hidden size: 2048 | Best learning rate: 0.001
[2024-01-01 11:28:22] Start test on fold [3].
[2024-01-01 11:31:17] Test loss: 23.5450
[2024-01-01 11:31:17] Test accuracy: 0.9541
[2024-01-01 11:31:17] Test recall: 0.2539
[2024-01-01 11:31:17] ************************************************************

[2024-01-01 11:31:17] Outer: train folds [0, 1, 2, 3], test folds 4
[2024-01-01 11:31:17] ------------------------------------------------------------
[2024-01-01 11:31:17] Hidden size: 2048 | Learning rate: 0.001
[2024-01-01 11:31:22] Start inner loop: train folds [1, 2, 3], valid folds [0]
[2024-01-01 11:54:10] Start inner loop: train folds [0, 2, 3], valid folds [1]
[2024-01-01 12:02:41] Start inner loop: train folds [0, 1, 3], valid folds [2]
[2024-01-01 12:10:28] Start inner loop: train folds [0, 1, 2], valid folds [3]
[2024-01-01 12:19:32] Inner loop completed. Mean valid loss: 22.8042
[2024-01-01 12:19:32] ------------------------------------------------------------
[2024-01-01 12:19:44] Best hidden size: 2048 | Best learning rate: 0.001
[2024-01-01 12:19:44] Start test on fold [4].
[2024-01-01 12:57:04] Test loss: 316.8033
[2024-01-01 12:57:04] Test accuracy: 0.9582
[2024-01-01 12:57:04] Test recall: 0.4174
[2024-01-01 12:57:04] ************************************************************

[2024-01-01 12:57:04] CV completed
[2024-01-01 12:57:04] MSE: 82.9171 ± 116.9623
[2024-01-01 12:57:04] Confidence interval: [-62.2875, 228.1216]
[2024-01-01 12:57:04] RMSE: 7.5106 ± 5.1487
