[2024-02-19 03:39:48] Outer: train folds [1, 2, 3, 4], test folds 0
[2024-02-19 03:39:48] ------------------------------------------------------------
[2024-02-19 03:39:48] Hidden size: 2048 | Learning rate: 0.001
[2024-02-19 03:39:52] Start inner loop: train folds [2, 3, 4], valid folds [1]
[2024-02-19 03:42:28] Start inner loop: train folds [1, 3, 4], valid folds [2]
[2024-02-19 03:44:54] Start inner loop: train folds [1, 2, 4], valid folds [3]
[2024-02-19 03:47:30] Start inner loop: train folds [1, 2, 3], valid folds [4]
[2024-02-19 03:49:57] Inner loop completed. Mean valid loss: 87.6248
[2024-02-19 03:49:57] ------------------------------------------------------------
[2024-02-19 03:50:10] Best hidden size: 2048 | Best learning rate: 0.001
[2024-02-19 03:50:10] Start test on fold [0].
[2024-02-19 03:53:12] Test loss: 61.2946
[2024-02-19 03:53:12] Test accuracy: 0.9443
[2024-02-19 03:53:12] Test recall: 0.4931
[2024-02-19 03:53:12] ************************************************************

[2024-02-19 03:53:12] Outer: train folds [0, 2, 3, 4], test folds 1
[2024-02-19 03:53:12] ------------------------------------------------------------
[2024-02-19 03:53:12] Hidden size: 2048 | Learning rate: 0.001
[2024-02-19 03:53:16] Start inner loop: train folds [2, 3, 4], valid folds [0]
[2024-02-19 03:55:48] Start inner loop: train folds [0, 3, 4], valid folds [2]
[2024-02-19 03:58:20] Start inner loop: train folds [0, 2, 4], valid folds [3]
[2024-02-19 04:00:54] Start inner loop: train folds [0, 2, 3], valid folds [4]
[2024-02-19 04:03:17] Inner loop completed. Mean valid loss: 93.0659
[2024-02-19 04:03:17] ------------------------------------------------------------
[2024-02-19 04:03:30] Best hidden size: 2048 | Best learning rate: 0.001
[2024-02-19 04:03:30] Start test on fold [1].
[2024-02-19 04:06:32] Test loss: 47.1812
[2024-02-19 04:06:32] Test accuracy: 0.9465
[2024-02-19 04:06:32] Test recall: 0.4886
[2024-02-19 04:06:32] ************************************************************

[2024-02-19 04:06:32] Outer: train folds [0, 1, 3, 4], test folds 2
[2024-02-19 04:06:32] ------------------------------------------------------------
[2024-02-19 04:06:32] Hidden size: 2048 | Learning rate: 0.001
[2024-02-19 04:06:37] Start inner loop: train folds [1, 3, 4], valid folds [0]
[2024-02-19 04:09:11] Start inner loop: train folds [0, 3, 4], valid folds [1]
[2024-02-19 04:11:44] Start inner loop: train folds [0, 1, 4], valid folds [3]
[2024-02-19 04:14:12] Start inner loop: train folds [0, 1, 3], valid folds [4]
[2024-02-19 04:16:39] Inner loop completed. Mean valid loss: 88.4145
[2024-02-19 04:16:39] ------------------------------------------------------------
[2024-02-19 04:16:51] Best hidden size: 2048 | Best learning rate: 0.001
[2024-02-19 04:16:51] Start test on fold [2].
[2024-02-19 04:19:53] Test loss: 74.9016
[2024-02-19 04:19:53] Test accuracy: 0.9424
[2024-02-19 04:19:53] Test recall: 0.4627
[2024-02-19 04:19:53] ************************************************************

[2024-02-19 04:19:53] Outer: train folds [0, 1, 2, 4], test folds 3
[2024-02-19 04:19:53] ------------------------------------------------------------
[2024-02-19 04:19:53] Hidden size: 2048 | Learning rate: 0.001
[2024-02-19 04:19:58] Start inner loop: train folds [1, 2, 4], valid folds [0]
[2024-02-19 04:22:28] Start inner loop: train folds [0, 2, 4], valid folds [1]
[2024-02-19 04:24:53] Start inner loop: train folds [0, 1, 4], valid folds [2]
[2024-02-19 04:27:18] Start inner loop: train folds [0, 1, 2], valid folds [4]
[2024-02-19 04:29:41] Inner loop completed. Mean valid loss: 93.2665
[2024-02-19 04:29:41] ------------------------------------------------------------
[2024-02-19 04:29:54] Best hidden size: 2048 | Best learning rate: 0.001
[2024-02-19 04:29:54] Start test on fold [3].
[2024-02-19 04:32:50] Test loss: 55.7026
[2024-02-19 04:32:50] Test accuracy: 0.9470
[2024-02-19 04:32:50] Test recall: 0.4003
[2024-02-19 04:32:50] ************************************************************

[2024-02-19 04:32:50] Outer: train folds [0, 1, 2, 3], test folds 4
[2024-02-19 04:32:50] ------------------------------------------------------------
[2024-02-19 04:32:50] Hidden size: 2048 | Learning rate: 0.001
[2024-02-19 04:32:55] Start inner loop: train folds [1, 2, 3], valid folds [0]
[2024-02-19 04:35:23] Start inner loop: train folds [0, 2, 3], valid folds [1]
[2024-02-19 04:37:47] Start inner loop: train folds [0, 1, 3], valid folds [2]
[2024-02-19 04:40:24] Start inner loop: train folds [0, 1, 2], valid folds [3]
[2024-02-19 04:48:12] Inner loop completed. Mean valid loss: 54.6051
[2024-02-19 04:48:12] ------------------------------------------------------------
[2024-02-19 04:48:25] Best hidden size: 2048 | Best learning rate: 0.001
[2024-02-19 04:48:25] Start test on fold [4].
[2024-02-19 04:51:23] Test loss: 199.2436
[2024-02-19 04:51:23] Test accuracy: 0.9415
[2024-02-19 04:51:23] Test recall: 0.5386
[2024-02-19 04:51:23] ************************************************************

[2024-02-19 04:51:23] CV completed
[2024-02-19 04:51:23] MSE: 87.6647 ± 56.5130
[2024-02-19 04:51:23] Confidence interval: [17.5058, 157.8237]
[2024-02-19 04:51:23] RMSE: 8.9863 ± 2.6290
