[2024-03-06 20:38:23] Outer: train folds [1, 2, 3, 4], test folds 0
[2024-03-06 20:38:23] ------------------------------------------------------------
[2024-03-06 20:38:23] Hidden size: 2048 | Learning rate: 0.001
[2024-03-06 20:39:03] Start inner loop: train folds [2, 3, 4], valid folds [1]
[2024-03-06 21:55:42] Start inner loop: train folds [1, 3, 4], valid folds [2]
[2024-03-06 23:12:01] Start inner loop: train folds [1, 2, 4], valid folds [3]
[2024-03-07 01:57:55] Start inner loop: train folds [1, 2, 3], valid folds [4]
[2024-03-07 03:14:40] Inner loop completed. Mean valid loss: 19.6123
[2024-03-07 03:14:40] ------------------------------------------------------------
[2024-03-07 03:15:33] Best hidden size: 2048 | Best learning rate: 0.001
[2024-03-07 03:15:33] Start test on fold [0].
[2024-03-07 04:47:35] Test loss: 32.3531
[2024-03-07 04:47:35] Test accuracy: 0.7403
[2024-03-07 04:47:35] Test recall: 0.6863
[2024-03-07 04:47:35] ************************************************************

[2024-03-07 04:47:35] Outer: train folds [0, 2, 3, 4], test folds 1
[2024-03-07 04:47:35] ------------------------------------------------------------
[2024-03-07 04:47:35] Hidden size: 2048 | Learning rate: 0.001
[2024-03-07 04:48:15] Start inner loop: train folds [2, 3, 4], valid folds [0]
[2024-03-07 08:12:54] Start inner loop: train folds [0, 3, 4], valid folds [2]
[2024-03-07 10:13:30] Start inner loop: train folds [0, 2, 4], valid folds [3]
[2024-03-07 16:50:10] Start inner loop: train folds [0, 2, 3], valid folds [4]
[2024-03-07 18:11:39] Inner loop completed. Mean valid loss: 22.9592
[2024-03-07 18:11:39] ------------------------------------------------------------
[2024-03-07 18:12:33] Best hidden size: 2048 | Best learning rate: 0.001
[2024-03-07 18:12:33] Start test on fold [1].
[2024-03-07 19:50:47] Test loss: 47.8358
[2024-03-07 19:50:47] Test accuracy: 0.7252
[2024-03-07 19:50:47] Test recall: 0.7678
[2024-03-07 19:50:47] ************************************************************

[2024-03-07 19:50:47] Outer: train folds [0, 1, 3, 4], test folds 2
[2024-03-07 19:50:47] ------------------------------------------------------------
[2024-03-07 19:50:47] Hidden size: 2048 | Learning rate: 0.001
[2024-03-07 19:51:27] Start inner loop: train folds [1, 3, 4], valid folds [0]
[2024-03-07 21:12:39] Start inner loop: train folds [0, 3, 4], valid folds [1]
[2024-03-07 22:24:24] Start inner loop: train folds [0, 1, 4], valid folds [3]
[2024-03-07 23:35:31] Start inner loop: train folds [0, 1, 3], valid folds [4]
[2024-03-08 00:42:34] Inner loop completed. Mean valid loss: 24.0117
[2024-03-08 00:42:34] ------------------------------------------------------------
[2024-03-08 00:43:30] Best hidden size: 2048 | Best learning rate: 0.001
[2024-03-08 00:43:30] Start test on fold [2].
