[2024-07-10 23:31:14] Outer: train folds [1, 2, 3, 4], test folds 0
[2024-07-10 23:31:14] ------------------------------------------------------------
[2024-07-10 23:31:14] Hidden size: 2048 | Learning rate: 0.001
[2024-07-10 23:31:52] Start inner loop: train folds [2, 3, 4], valid folds [1]
[2024-07-10 23:42:33] Start inner loop: train folds [1, 3, 4], valid folds [2]
[2024-07-10 23:56:05] Start inner loop: train folds [1, 2, 4], valid folds [3]
[2024-07-11 00:11:19] Start inner loop: train folds [1, 2, 3], valid folds [4]
[2024-07-11 00:40:33] Inner loop completed. Mean valid loss: 25.6505
[2024-07-11 00:40:33] ------------------------------------------------------------
[2024-07-11 00:41:26] Best hidden size: 2048 | Best learning rate: 0.001
[2024-07-11 00:41:26] Start test on fold [0].
[2024-07-11 01:12:30] Test loss: 49.9066
[2024-07-11 01:12:30] Test accuracy: 0.7185
[2024-07-11 01:12:30] Test recall: 0.6635
[2024-07-11 01:12:30] ************************************************************

[2024-07-11 01:12:30] Outer: train folds [0, 2, 3, 4], test folds 1
[2024-07-11 01:12:30] ------------------------------------------------------------
[2024-07-11 01:12:30] Hidden size: 2048 | Learning rate: 0.001
[2024-07-11 01:13:09] Start inner loop: train folds [2, 3, 4], valid folds [0]
[2024-07-11 01:24:26] Start inner loop: train folds [0, 3, 4], valid folds [2]
[2024-07-11 01:30:46] Start inner loop: train folds [0, 2, 4], valid folds [3]
[2024-07-11 01:37:33] Start inner loop: train folds [0, 2, 3], valid folds [4]
[2024-07-11 01:43:42] Inner loop completed. Mean valid loss: 35.3391
[2024-07-11 01:43:42] ------------------------------------------------------------
[2024-07-11 01:44:36] Best hidden size: 2048 | Best learning rate: 0.001
[2024-07-11 01:44:36] Start test on fold [1].
[2024-07-11 01:55:00] Test loss: 26.8801
[2024-07-11 01:55:00] Test accuracy: 0.6742
[2024-07-11 01:55:00] Test recall: 0.5836
[2024-07-11 01:55:00] ************************************************************

[2024-07-11 01:55:00] Outer: train folds [0, 1, 3, 4], test folds 2
[2024-07-11 01:55:00] ------------------------------------------------------------
[2024-07-11 01:55:00] Hidden size: 2048 | Learning rate: 0.001
[2024-07-11 01:55:40] Start inner loop: train folds [1, 3, 4], valid folds [0]
[2024-07-11 02:09:53] Start inner loop: train folds [0, 3, 4], valid folds [1]
[2024-07-11 02:16:19] Start inner loop: train folds [0, 1, 4], valid folds [3]
[2024-07-11 02:25:34] Start inner loop: train folds [0, 1, 3], valid folds [4]
[2024-07-11 02:33:47] Inner loop completed. Mean valid loss: 33.6181
[2024-07-11 02:33:47] ------------------------------------------------------------
[2024-07-11 02:34:41] Best hidden size: 2048 | Best learning rate: 0.001
[2024-07-11 02:34:41] Start test on fold [2].
[2024-07-11 02:50:08] Test loss: 454.3791
[2024-07-11 02:50:08] Test accuracy: 0.6975
[2024-07-11 02:50:08] Test recall: 0.6675
[2024-07-11 02:50:08] ************************************************************

[2024-07-11 02:50:08] Outer: train folds [0, 1, 2, 4], test folds 3
[2024-07-11 02:50:08] ------------------------------------------------------------
[2024-07-11 02:50:08] Hidden size: 2048 | Learning rate: 0.001
[2024-07-11 02:50:47] Start inner loop: train folds [1, 2, 4], valid folds [0]
[2024-07-11 03:01:21] Start inner loop: train folds [0, 2, 4], valid folds [1]
[2024-07-11 03:12:43] Start inner loop: train folds [0, 1, 4], valid folds [2]
[2024-07-11 03:23:42] Start inner loop: train folds [0, 1, 2], valid folds [4]
[2024-07-11 03:31:09] Inner loop completed. Mean valid loss: 34.8513
[2024-07-11 03:31:09] ------------------------------------------------------------
[2024-07-11 03:32:03] Best hidden size: 2048 | Best learning rate: 0.001
[2024-07-11 03:32:03] Start test on fold [3].
[2024-07-11 03:43:31] Test loss: 27.2379
[2024-07-11 03:43:31] Test accuracy: 0.6857
[2024-07-11 03:43:31] Test recall: 0.6016
[2024-07-11 03:43:31] ************************************************************

[2024-07-11 03:43:31] Outer: train folds [0, 1, 2, 3], test folds 4
[2024-07-11 03:43:31] ------------------------------------------------------------
[2024-07-11 03:43:31] Hidden size: 2048 | Learning rate: 0.001
[2024-07-11 03:44:11] Start inner loop: train folds [1, 2, 3], valid folds [0]
[2024-07-11 04:04:42] Start inner loop: train folds [0, 2, 3], valid folds [1]
[2024-07-11 04:11:03] Start inner loop: train folds [0, 1, 3], valid folds [2]
[2024-07-11 04:22:35] Start inner loop: train folds [0, 1, 2], valid folds [3]
[2024-07-11 04:27:50] Inner loop completed. Mean valid loss: 34.8616
[2024-07-11 04:27:50] ------------------------------------------------------------
[2024-07-11 04:28:44] Best hidden size: 2048 | Best learning rate: 0.001
[2024-07-11 04:28:44] Start test on fold [4].
[2024-07-11 04:43:20] Test loss: 26.5711
[2024-07-11 04:43:20] Test accuracy: 0.6933
[2024-07-11 04:43:20] Test recall: 0.6866
[2024-07-11 04:43:20] ************************************************************

[2024-07-11 04:43:20] CV completed
[2024-07-11 04:43:20] MSE: 116.9950 ± 168.9275
[2024-07-11 04:43:20] Confidence interval: [-92.7226, 326.7125]
[2024-07-11 04:43:20] RMSE: 8.7878 ± 6.3063
[2024-07-11 04:43:20] average accuracy on test: 0.6938241322295416
[2024-07-11 04:43:20] average recall on test: {0.6405780021341337}
