[2024-07-06 04:38:19] Outer: train folds [1, 2, 3, 4], test folds 0
[2024-07-06 04:38:19] ------------------------------------------------------------
[2024-07-06 04:38:19] Hidden size: 2048 | Learning rate: 0.001
[2024-07-06 04:38:57] Start inner loop: train folds [2, 3, 4], valid folds [1]
[2024-07-06 05:38:15] Start inner loop: train folds [1, 3, 4], valid folds [2]
[2024-07-06 06:40:21] Start inner loop: train folds [1, 2, 4], valid folds [3]
[2024-07-06 07:45:34] Start inner loop: train folds [1, 2, 3], valid folds [4]
[2024-07-06 08:43:22] Inner loop completed. Mean valid loss: 46.2282
[2024-07-06 08:43:22] ------------------------------------------------------------
[2024-07-06 08:44:16] Best hidden size: 2048 | Best learning rate: 0.001
[2024-07-06 08:44:16] Start test on fold [0].
[2024-07-06 12:01:11] Test loss: 184.8950
[2024-07-06 12:01:11] Test accuracy: 0.9570
[2024-07-06 12:01:11] Test recall: 0.3953
[2024-07-06 12:01:11] ************************************************************

[2024-07-06 12:01:11] Outer: train folds [0, 2, 3, 4], test folds 1
[2024-07-06 12:01:11] ------------------------------------------------------------
[2024-07-06 12:01:11] Hidden size: 2048 | Learning rate: 0.001
[2024-07-06 12:01:50] Start inner loop: train folds [2, 3, 4], valid folds [0]
[2024-07-06 13:06:06] Start inner loop: train folds [0, 3, 4], valid folds [2]
[2024-07-06 14:10:47] Start inner loop: train folds [0, 2, 4], valid folds [3]
[2024-07-06 15:11:09] Start inner loop: train folds [0, 2, 3], valid folds [4]
[2024-07-06 16:06:18] Inner loop completed. Mean valid loss: 53.9700
[2024-07-06 16:06:18] ------------------------------------------------------------
[2024-07-06 16:07:12] Best hidden size: 2048 | Best learning rate: 0.001
[2024-07-06 16:07:12] Start test on fold [1].
[2024-07-06 17:17:00] Test loss: 57.8895
[2024-07-06 17:17:00] Test accuracy: 0.9511
[2024-07-06 17:17:00] Test recall: 0.3739
[2024-07-06 17:17:00] ************************************************************

[2024-07-06 17:17:00] Outer: train folds [0, 1, 3, 4], test folds 2
[2024-07-06 17:17:00] ------------------------------------------------------------
[2024-07-06 17:17:00] Hidden size: 2048 | Learning rate: 0.001
[2024-07-06 17:17:40] Start inner loop: train folds [1, 3, 4], valid folds [0]
[2024-07-06 18:20:22] Start inner loop: train folds [0, 3, 4], valid folds [1]
[2024-07-06 19:17:48] Start inner loop: train folds [0, 1, 4], valid folds [3]
[2024-07-06 20:20:02] Start inner loop: train folds [0, 1, 3], valid folds [4]
[2024-07-06 21:15:42] Inner loop completed. Mean valid loss: 51.5865
[2024-07-06 21:15:42] ------------------------------------------------------------
[2024-07-06 21:16:36] Best hidden size: 2048 | Best learning rate: 0.001
[2024-07-06 21:16:36] Start test on fold [2].
[2024-07-06 22:29:39] Test loss: 45.1126
[2024-07-06 22:29:39] Test accuracy: 0.9574
[2024-07-06 22:29:39] Test recall: 0.4112
[2024-07-06 22:29:39] ************************************************************

[2024-07-06 22:29:39] Outer: train folds [0, 1, 2, 4], test folds 3
[2024-07-06 22:29:39] ------------------------------------------------------------
[2024-07-06 22:29:39] Hidden size: 2048 | Learning rate: 0.001
[2024-07-06 22:30:19] Start inner loop: train folds [1, 2, 4], valid folds [0]
[2024-07-06 23:32:08] Start inner loop: train folds [0, 2, 4], valid folds [1]
[2024-07-07 00:32:09] Start inner loop: train folds [0, 1, 4], valid folds [2]
[2024-07-07 01:28:17] Start inner loop: train folds [0, 1, 2], valid folds [4]
[2024-07-07 02:24:57] Inner loop completed. Mean valid loss: 54.2893
[2024-07-07 02:24:57] ------------------------------------------------------------
[2024-07-07 02:25:52] Best hidden size: 2048 | Best learning rate: 0.001
[2024-07-07 02:25:52] Start test on fold [3].
[2024-07-07 03:35:07] Test loss: 42.9741
[2024-07-07 03:35:07] Test accuracy: 0.9583
[2024-07-07 03:35:07] Test recall: 0.3399
[2024-07-07 03:35:07] ************************************************************

[2024-07-07 03:35:07] Outer: train folds [0, 1, 2, 3], test folds 4
[2024-07-07 03:35:07] ------------------------------------------------------------
[2024-07-07 03:35:07] Hidden size: 2048 | Learning rate: 0.001
[2024-07-07 03:35:47] Start inner loop: train folds [1, 2, 3], valid folds [0]
[2024-07-07 04:36:12] Start inner loop: train folds [0, 2, 3], valid folds [1]
[2024-07-07 05:32:03] Start inner loop: train folds [0, 1, 3], valid folds [2]
[2024-07-07 06:32:30] Start inner loop: train folds [0, 1, 2], valid folds [3]
[2024-07-07 07:28:19] Inner loop completed. Mean valid loss: 54.5303
[2024-07-07 07:28:19] ------------------------------------------------------------
[2024-07-07 07:29:14] Best hidden size: 2048 | Best learning rate: 0.001
[2024-07-07 07:29:14] Start test on fold [4].
[2024-07-07 08:42:09] Test loss: 51.7058
[2024-07-07 08:42:09] Test accuracy: 0.9529
[2024-07-07 08:42:09] Test recall: 0.3890
[2024-07-07 08:42:09] ************************************************************

[2024-07-07 08:42:09] CV completed
[2024-07-07 08:42:09] MSE: 76.5154 ± 54.4421
[2024-07-07 08:42:09] Confidence interval: [8.9274, 144.1034]
[2024-07-07 08:42:09] RMSE: 8.3338 ± 2.6578
[2024-07-07 08:42:09] average accuracy on test: 0.9553481699304746
[2024-07-07 08:42:09] average recall on test: {0.38184392459875305}
