[2024-07-06 04:33:11] Outer: train folds [1, 2, 3, 4], test folds 0
[2024-07-06 04:33:11] ------------------------------------------------------------
[2024-07-06 04:33:11] Hidden size: 2048 | Learning rate: 0.001
[2024-07-06 04:33:51] Start inner loop: train folds [2, 3, 4], valid folds [1]
[2024-07-06 05:30:47] Start inner loop: train folds [1, 3, 4], valid folds [2]
[2024-07-06 06:33:40] Start inner loop: train folds [1, 2, 4], valid folds [3]
[2024-07-06 07:34:32] Start inner loop: train folds [1, 2, 3], valid folds [4]
[2024-07-06 08:32:13] Inner loop completed. Mean valid loss: 52.6898
[2024-07-06 08:32:13] ------------------------------------------------------------
[2024-07-06 08:33:07] Best hidden size: 2048 | Best learning rate: 0.001
[2024-07-06 08:33:07] Start test on fold [0].
[2024-07-06 09:46:51] Test loss: 77.0376
[2024-07-06 09:46:51] Test accuracy: 0.7200
[2024-07-06 09:46:51] Test recall: 0.6596
[2024-07-06 09:46:51] ************************************************************

[2024-07-06 09:46:51] Outer: train folds [0, 2, 3, 4], test folds 1
[2024-07-06 09:46:51] ------------------------------------------------------------
[2024-07-06 09:46:51] Hidden size: 2048 | Learning rate: 0.001
[2024-07-06 09:47:30] Start inner loop: train folds [2, 3, 4], valid folds [0]
[2024-07-06 10:51:32] Start inner loop: train folds [0, 3, 4], valid folds [2]
[2024-07-06 11:51:44] Start inner loop: train folds [0, 2, 4], valid folds [3]
[2024-07-06 12:50:22] Start inner loop: train folds [0, 2, 3], valid folds [4]
[2024-07-06 13:47:26] Inner loop completed. Mean valid loss: 60.4709
[2024-07-06 13:47:26] ------------------------------------------------------------
[2024-07-06 13:48:20] Best hidden size: 2048 | Best learning rate: 0.001
[2024-07-06 13:48:20] Start test on fold [1].
[2024-07-06 14:57:18] Test loss: 63.0089
[2024-07-06 14:57:18] Test accuracy: 0.6956
[2024-07-06 14:57:18] Test recall: 0.6514
[2024-07-06 14:57:18] ************************************************************

[2024-07-06 14:57:18] Outer: train folds [0, 1, 3, 4], test folds 2
[2024-07-06 14:57:18] ------------------------------------------------------------
[2024-07-06 14:57:18] Hidden size: 2048 | Learning rate: 0.001
[2024-07-06 14:57:58] Start inner loop: train folds [1, 3, 4], valid folds [0]
[2024-07-06 16:12:04] Start inner loop: train folds [0, 3, 4], valid folds [1]
[2024-07-06 17:26:46] Start inner loop: train folds [0, 1, 4], valid folds [3]
[2024-07-06 18:43:24] Start inner loop: train folds [0, 1, 3], valid folds [4]
[2024-07-06 20:21:59] Inner loop completed. Mean valid loss: 59.2348
[2024-07-06 20:21:59] ------------------------------------------------------------
[2024-07-06 20:22:54] Best hidden size: 2048 | Best learning rate: 0.001
[2024-07-06 20:22:54] Start test on fold [2].
[2024-07-06 22:04:31] Test loss: 55.9931
[2024-07-06 22:04:31] Test accuracy: 0.7001
[2024-07-06 22:04:31] Test recall: 0.7290
[2024-07-06 22:04:31] ************************************************************

[2024-07-06 22:04:31] Outer: train folds [0, 1, 2, 4], test folds 3
[2024-07-06 22:04:31] ------------------------------------------------------------
[2024-07-06 22:04:31] Hidden size: 2048 | Learning rate: 0.001
[2024-07-06 22:05:12] Start inner loop: train folds [1, 2, 4], valid folds [0]
[2024-07-06 23:13:15] Start inner loop: train folds [0, 2, 4], valid folds [1]
[2024-07-07 00:43:05] Start inner loop: train folds [0, 1, 4], valid folds [2]
[2024-07-07 02:18:44] Start inner loop: train folds [0, 1, 2], valid folds [4]
[2024-07-07 03:24:55] Inner loop completed. Mean valid loss: 62.2161
[2024-07-07 03:24:55] ------------------------------------------------------------
[2024-07-07 03:25:50] Best hidden size: 2048 | Best learning rate: 0.001
[2024-07-07 03:25:50] Start test on fold [3].
[2024-07-07 05:03:20] Test loss: 50.2254
[2024-07-07 05:03:20] Test accuracy: 0.7034
[2024-07-07 05:03:20] Test recall: 0.7423
[2024-07-07 05:03:20] ************************************************************

[2024-07-07 05:03:20] Outer: train folds [0, 1, 2, 3], test folds 4
[2024-07-07 05:03:20] ------------------------------------------------------------
[2024-07-07 05:03:20] Hidden size: 2048 | Learning rate: 0.001
[2024-07-07 05:04:00] Start inner loop: train folds [1, 2, 3], valid folds [0]
[2024-07-07 06:44:41] Start inner loop: train folds [0, 2, 3], valid folds [1]
[2024-07-07 08:10:02] Start inner loop: train folds [0, 1, 3], valid folds [2]
[2024-07-07 09:30:44] Start inner loop: train folds [0, 1, 2], valid folds [3]
[2024-07-07 10:54:35] Inner loop completed. Mean valid loss: 62.8065
[2024-07-07 10:54:35] ------------------------------------------------------------
[2024-07-07 10:55:29] Best hidden size: 2048 | Best learning rate: 0.001
[2024-07-07 10:55:29] Start test on fold [4].
[2024-07-07 12:42:52] Test loss: 66.1239
[2024-07-07 12:42:52] Test accuracy: 0.7106
[2024-07-07 12:42:52] Test recall: 0.7226
[2024-07-07 12:42:52] ************************************************************

[2024-07-07 12:42:52] CV completed
[2024-07-07 12:42:52] MSE: 62.4778 ± 9.1404
[2024-07-07 12:42:52] Confidence interval: [51.1303, 73.8253]
[2024-07-07 12:42:52] RMSE: 7.8833 ± 0.5759
[2024-07-07 12:42:52] average accuracy on test: 0.7059508624592875
[2024-07-07 12:42:52] average recall on test: {0.7009720271066072}
