[2024-07-10 23:33:42] Outer: train folds [1, 2, 3, 4], test folds 0
[2024-07-10 23:33:42] ------------------------------------------------------------
[2024-07-10 23:33:42] Hidden size: 2048 | Learning rate: 0.001
[2024-07-10 23:34:20] Start inner loop: train folds [2, 3, 4], valid folds [1]
[2024-07-10 23:53:45] Start inner loop: train folds [1, 3, 4], valid folds [2]
[2024-07-11 00:07:22] Start inner loop: train folds [1, 2, 4], valid folds [3]
[2024-07-11 00:19:51] Start inner loop: train folds [1, 2, 3], valid folds [4]
[2024-07-11 00:26:45] Inner loop completed. Mean valid loss: 26.5635
[2024-07-11 00:26:45] ------------------------------------------------------------
[2024-07-11 00:27:38] Best hidden size: 2048 | Best learning rate: 0.001
[2024-07-11 00:27:38] Start test on fold [0].
[2024-07-11 00:38:04] Test loss: 52.4849
[2024-07-11 00:38:04] Test accuracy: 0.9489
[2024-07-11 00:38:04] Test recall: 0.8909
[2024-07-11 00:38:04] ************************************************************

[2024-07-11 00:38:04] Outer: train folds [0, 2, 3, 4], test folds 1
[2024-07-11 00:38:04] ------------------------------------------------------------
[2024-07-11 00:38:04] Hidden size: 2048 | Learning rate: 0.001
[2024-07-11 00:38:42] Start inner loop: train folds [2, 3, 4], valid folds [0]
[2024-07-11 00:57:20] Start inner loop: train folds [0, 3, 4], valid folds [2]
[2024-07-11 01:08:36] Start inner loop: train folds [0, 2, 4], valid folds [3]
[2024-07-11 01:15:23] Start inner loop: train folds [0, 2, 3], valid folds [4]
[2024-07-11 01:21:32] Inner loop completed. Mean valid loss: 34.3020
[2024-07-11 01:21:32] ------------------------------------------------------------
[2024-07-11 01:22:26] Best hidden size: 2048 | Best learning rate: 0.001
[2024-07-11 01:22:26] Start test on fold [1].
[2024-07-11 01:36:47] Test loss: 26.2410
[2024-07-11 01:36:47] Test accuracy: 0.9503
[2024-07-11 01:36:47] Test recall: 0.8952
[2024-07-11 01:36:47] ************************************************************

[2024-07-11 01:36:47] Outer: train folds [0, 1, 3, 4], test folds 2
[2024-07-11 01:36:47] ------------------------------------------------------------
[2024-07-11 01:36:47] Hidden size: 2048 | Learning rate: 0.001
[2024-07-11 01:37:26] Start inner loop: train folds [1, 3, 4], valid folds [0]
[2024-07-11 01:49:39] Start inner loop: train folds [0, 3, 4], valid folds [1]
[2024-07-11 01:57:43] Start inner loop: train folds [0, 1, 4], valid folds [3]
[2024-07-11 02:06:10] Start inner loop: train folds [0, 1, 3], valid folds [4]
[2024-07-11 02:13:11] Inner loop completed. Mean valid loss: 33.7568
[2024-07-11 02:13:11] ------------------------------------------------------------
[2024-07-11 02:14:05] Best hidden size: 2048 | Best learning rate: 0.001
[2024-07-11 02:14:05] Start test on fold [2].
[2024-07-11 02:25:31] Test loss: 29.6135
[2024-07-11 02:25:31] Test accuracy: 0.9542
[2024-07-11 02:25:31] Test recall: 0.9010
[2024-07-11 02:25:31] ************************************************************

[2024-07-11 02:25:31] Outer: train folds [0, 1, 2, 4], test folds 3
[2024-07-11 02:25:31] ------------------------------------------------------------
[2024-07-11 02:25:31] Hidden size: 2048 | Learning rate: 0.001
[2024-07-11 02:26:10] Start inner loop: train folds [1, 2, 4], valid folds [0]
[2024-07-11 02:40:24] Start inner loop: train folds [0, 2, 4], valid folds [1]
[2024-07-11 02:48:02] Start inner loop: train folds [0, 1, 4], valid folds [2]
[2024-07-11 02:55:19] Start inner loop: train folds [0, 1, 2], valid folds [4]
[2024-07-11 03:01:32] Inner loop completed. Mean valid loss: 34.8317
[2024-07-11 03:01:32] ------------------------------------------------------------
[2024-07-11 03:02:26] Best hidden size: 2048 | Best learning rate: 0.001
[2024-07-11 03:02:26] Start test on fold [3].
[2024-07-11 03:26:16] Test loss: 100.6403
[2024-07-11 03:26:16] Test accuracy: 0.9515
[2024-07-11 03:26:16] Test recall: 0.8959
[2024-07-11 03:26:16] ************************************************************

[2024-07-11 03:26:16] Outer: train folds [0, 1, 2, 3], test folds 4
[2024-07-11 03:26:16] ------------------------------------------------------------
[2024-07-11 03:26:16] Hidden size: 2048 | Learning rate: 0.001
[2024-07-11 03:26:55] Start inner loop: train folds [1, 2, 3], valid folds [0]
[2024-07-11 03:37:56] Start inner loop: train folds [0, 2, 3], valid folds [1]
[2024-07-11 03:44:47] Start inner loop: train folds [0, 1, 3], valid folds [2]
[2024-07-11 03:53:41] Start inner loop: train folds [0, 1, 2], valid folds [3]
[2024-07-11 03:59:04] Inner loop completed. Mean valid loss: 35.0271
[2024-07-11 03:59:04] ------------------------------------------------------------
[2024-07-11 03:59:58] Best hidden size: 2048 | Best learning rate: 0.001
[2024-07-11 03:59:58] Start test on fold [4].
[2024-07-11 04:08:59] Test loss: 27.4193
[2024-07-11 04:08:59] Test accuracy: 0.9496
[2024-07-11 04:08:59] Test recall: 0.8921
[2024-07-11 04:08:59] ************************************************************

[2024-07-11 04:08:59] CV completed
[2024-07-11 04:08:59] MSE: 47.2798 ± 28.3676
[2024-07-11 04:08:59] Confidence interval: [12.0624, 82.4972]
[2024-07-11 04:08:59] RMSE: 6.6155 ± 1.8749
[2024-07-11 04:08:59] average accuracy on test: 0.9509052078146336
[2024-07-11 04:08:59] average recall on test: {0.8950090056559278}
