[2024-05-07 11:40:44] Outer: train folds [1, 2, 3, 4], test folds 0
[2024-05-07 11:40:44] ------------------------------------------------------------
[2024-05-07 11:40:44] Hidden size: 2048 | Learning rate: 0.001
[2024-05-07 11:44:34] Start inner loop: train folds [2, 3, 4], valid folds [1]
[2024-05-07 12:00:22] Start inner loop: train folds [1, 3, 4], valid folds [2]
[2024-05-07 12:25:28] Start inner loop: train folds [1, 2, 4], valid folds [3]
[2024-05-07 12:42:41] Start inner loop: train folds [1, 2, 3], valid folds [4]
[2024-05-07 13:02:19] Inner loop completed. Mean valid loss: 23.6608
[2024-05-07 13:02:19] ------------------------------------------------------------
[2024-05-07 13:06:09] Best hidden size: 2048 | Best learning rate: 0.001
[2024-05-07 13:06:09] Start test on fold [0].
[2024-05-07 13:28:16] Test loss: 87.0996
[2024-05-07 13:28:16] Test accuracy: 0.7410
[2024-05-07 13:28:16] Test recall: 0.6933
[2024-05-07 13:28:16] ************************************************************

[2024-05-07 13:28:16] Outer: train folds [0, 2, 3, 4], test folds 1
[2024-05-07 13:28:16] ------------------------------------------------------------
[2024-05-07 13:28:16] Hidden size: 2048 | Learning rate: 0.001
[2024-05-07 13:31:31] Start inner loop: train folds [2, 3, 4], valid folds [0]
[2024-05-07 14:05:15] Start inner loop: train folds [0, 3, 4], valid folds [2]
[2024-05-07 14:21:57] Start inner loop: train folds [0, 2, 4], valid folds [3]
[2024-05-07 14:39:27] Start inner loop: train folds [0, 2, 3], valid folds [4]
[2024-05-07 14:55:16] Inner loop completed. Mean valid loss: 30.6170
[2024-05-07 14:55:16] ------------------------------------------------------------
[2024-05-07 14:59:15] Best hidden size: 2048 | Best learning rate: 0.001
[2024-05-07 14:59:15] Start test on fold [1].
[2024-05-07 15:19:45] Test loss: 66.9791
[2024-05-07 15:19:45] Test accuracy: 0.7307
[2024-05-07 15:19:45] Test recall: 0.6836
[2024-05-07 15:19:45] ************************************************************

[2024-05-07 15:19:45] Outer: train folds [0, 1, 3, 4], test folds 2
[2024-05-07 15:19:45] ------------------------------------------------------------
[2024-05-07 15:19:45] Hidden size: 2048 | Learning rate: 0.001
[2024-05-07 15:23:01] Start inner loop: train folds [1, 3, 4], valid folds [0]
[2024-05-07 15:46:24] Start inner loop: train folds [0, 3, 4], valid folds [1]
[2024-05-07 15:57:39] Start inner loop: train folds [0, 1, 4], valid folds [3]
[2024-05-07 16:12:55] Start inner loop: train folds [0, 1, 3], valid folds [4]
[2024-05-07 16:23:05] Inner loop completed. Mean valid loss: 30.2122
[2024-05-07 16:23:05] ------------------------------------------------------------
[2024-05-07 16:26:14] Best hidden size: 2048 | Best learning rate: 0.001
[2024-05-07 16:26:14] Start test on fold [2].
[2024-05-07 16:39:26] Test loss: 27.4399
[2024-05-07 16:39:26] Test accuracy: 0.7072
[2024-05-07 16:39:26] Test recall: 0.7448
[2024-05-07 16:39:26] ************************************************************

[2024-05-07 16:39:26] Outer: train folds [0, 1, 2, 4], test folds 3
[2024-05-07 16:39:26] ------------------------------------------------------------
[2024-05-07 16:39:26] Hidden size: 2048 | Learning rate: 0.001
[2024-05-07 16:42:11] Start inner loop: train folds [1, 2, 4], valid folds [0]
[2024-05-07 17:01:06] Start inner loop: train folds [0, 2, 4], valid folds [1]
[2024-05-07 17:14:43] Start inner loop: train folds [0, 1, 4], valid folds [2]
[2024-05-07 17:28:41] Start inner loop: train folds [0, 1, 2], valid folds [4]
[2024-05-07 17:41:03] Inner loop completed. Mean valid loss: 30.7251
[2024-05-07 17:41:03] ------------------------------------------------------------
[2024-05-07 17:44:11] Best hidden size: 2048 | Best learning rate: 0.001
[2024-05-07 17:44:11] Start test on fold [3].
[2024-05-07 18:03:43] Test loss: 24.5685
[2024-05-07 18:03:43] Test accuracy: 0.7357
[2024-05-07 18:03:43] Test recall: 0.6758
[2024-05-07 18:03:43] ************************************************************

[2024-05-07 18:03:43] Outer: train folds [0, 1, 2, 3], test folds 4
[2024-05-07 18:03:43] ------------------------------------------------------------
[2024-05-07 18:03:43] Hidden size: 2048 | Learning rate: 0.001
[2024-05-07 18:05:46] Start inner loop: train folds [1, 2, 3], valid folds [0]
[2024-05-07 18:29:07] Start inner loop: train folds [0, 2, 3], valid folds [1]
[2024-05-07 18:37:26] Start inner loop: train folds [0, 1, 3], valid folds [2]
[2024-05-07 18:48:33] Start inner loop: train folds [0, 1, 2], valid folds [3]
[2024-05-07 18:55:57] Inner loop completed. Mean valid loss: 31.2495
[2024-05-07 18:55:57] ------------------------------------------------------------
[2024-05-07 18:58:15] Best hidden size: 2048 | Best learning rate: 0.001
[2024-05-07 18:58:15] Start test on fold [4].
[2024-05-07 19:09:07] Test loss: 24.8575
[2024-05-07 19:09:07] Test accuracy: 0.7274
[2024-05-07 19:09:07] Test recall: 0.6545
[2024-05-07 19:09:07] ************************************************************

[2024-05-07 19:09:07] CV completed
[2024-05-07 19:09:07] MSE: 46.1889 ± 25.9997
[2024-05-07 19:09:07] Confidence interval: [13.9112, 78.4666]
[2024-05-07 19:09:07] RMSE: 6.5395 ± 1.8504
[2024-05-07 19:09:07] average accuracy on test: 0.7284235418236642
[2024-05-07 19:09:07] average recall on test: {0.690406049328551}
