[2024-05-11 04:10:48] Outer: train folds [1, 2, 3, 4], test folds 0
[2024-05-11 04:10:48] ------------------------------------------------------------
[2024-05-11 04:10:48] Hidden size: 2048 | Learning rate: 0.001
[2024-05-11 04:11:28] Start inner loop: train folds [2, 3, 4], valid folds [1]
[2024-05-11 04:17:01] Start inner loop: train folds [1, 3, 4], valid folds [2]
[2024-05-11 04:23:22] Start inner loop: train folds [1, 2, 4], valid folds [3]
[2024-05-11 04:27:31] Start inner loop: train folds [1, 2, 3], valid folds [4]
[2024-05-11 04:33:51] Inner loop completed. Mean valid loss: 23.6268
[2024-05-11 04:33:51] ------------------------------------------------------------
[2024-05-11 04:34:44] Best hidden size: 2048 | Best learning rate: 0.001
[2024-05-11 04:34:44] Start test on fold [0].
[2024-05-11 05:03:53] Test loss: 46.3676
[2024-05-11 05:03:53] Test accuracy: 0.9555
[2024-05-11 05:03:53] Test recall: 0.4175
[2024-05-11 05:03:53] ************************************************************

[2024-05-11 05:03:53] Outer: train folds [0, 2, 3, 4], test folds 1
[2024-05-11 05:03:53] ------------------------------------------------------------
[2024-05-11 05:03:53] Hidden size: 2048 | Learning rate: 0.001
[2024-05-11 05:04:32] Start inner loop: train folds [2, 3, 4], valid folds [0]
[2024-05-11 05:09:09] Start inner loop: train folds [0, 3, 4], valid folds [2]
[2024-05-11 05:13:02] Start inner loop: train folds [0, 2, 4], valid folds [3]
[2024-05-11 05:16:44] Start inner loop: train folds [0, 2, 3], valid folds [4]
[2024-05-11 05:19:59] Inner loop completed. Mean valid loss: 32.0624
[2024-05-11 05:19:59] ------------------------------------------------------------
[2024-05-11 05:20:53] Best hidden size: 2048 | Best learning rate: 0.001
[2024-05-11 05:20:53] Start test on fold [1].
[2024-05-11 05:26:28] Test loss: 25.8999
[2024-05-11 05:26:28] Test accuracy: 0.9528
[2024-05-11 05:26:28] Test recall: 0.3277
[2024-05-11 05:26:28] ************************************************************

[2024-05-11 05:26:28] Outer: train folds [0, 1, 3, 4], test folds 2
[2024-05-11 05:26:28] ------------------------------------------------------------
[2024-05-11 05:26:28] Hidden size: 2048 | Learning rate: 0.001
[2024-05-11 05:27:06] Start inner loop: train folds [1, 3, 4], valid folds [0]
[2024-05-11 05:32:22] Start inner loop: train folds [0, 3, 4], valid folds [1]
[2024-05-11 05:35:53] Start inner loop: train folds [0, 1, 4], valid folds [3]
[2024-05-11 05:39:59] Start inner loop: train folds [0, 1, 3], valid folds [4]
[2024-05-11 05:44:02] Inner loop completed. Mean valid loss: 30.1538
[2024-05-11 05:44:02] ------------------------------------------------------------
[2024-05-11 05:44:55] Best hidden size: 2048 | Best learning rate: 0.001
[2024-05-11 05:44:55] Start test on fold [2].
[2024-05-11 05:48:56] Test loss: 27.1288
[2024-05-11 05:48:56] Test accuracy: 0.9565
[2024-05-11 05:48:56] Test recall: 0.3333
[2024-05-11 05:48:56] ************************************************************

[2024-05-11 05:48:56] Outer: train folds [0, 1, 2, 4], test folds 3
[2024-05-11 05:48:56] ------------------------------------------------------------
[2024-05-11 05:48:56] Hidden size: 2048 | Learning rate: 0.001
[2024-05-11 05:49:35] Start inner loop: train folds [1, 2, 4], valid folds [0]
[2024-05-11 05:56:42] Start inner loop: train folds [0, 2, 4], valid folds [1]
[2024-05-11 06:01:24] Start inner loop: train folds [0, 1, 4], valid folds [2]
[2024-05-11 06:05:25] Start inner loop: train folds [0, 1, 2], valid folds [4]
[2024-05-11 06:08:45] Inner loop completed. Mean valid loss: 30.6847
[2024-05-11 06:08:45] ------------------------------------------------------------
[2024-05-11 06:09:40] Best hidden size: 2048 | Best learning rate: 0.001
[2024-05-11 06:09:40] Start test on fold [3].
[2024-05-11 06:13:30] Test loss: 24.0772
[2024-05-11 06:13:30] Test accuracy: 0.9513
[2024-05-11 06:13:30] Test recall: 0.2573
[2024-05-11 06:13:30] ************************************************************

[2024-05-11 06:13:30] Outer: train folds [0, 1, 2, 3], test folds 4
[2024-05-11 06:13:30] ------------------------------------------------------------
[2024-05-11 06:13:30] Hidden size: 2048 | Learning rate: 0.001
[2024-05-11 06:14:09] Start inner loop: train folds [1, 2, 3], valid folds [0]
[2024-05-11 06:19:58] Start inner loop: train folds [0, 2, 3], valid folds [1]
[2024-05-11 06:23:58] Start inner loop: train folds [0, 1, 3], valid folds [2]
[2024-05-11 06:27:31] Start inner loop: train folds [0, 1, 2], valid folds [3]
[2024-05-11 06:32:00] Inner loop completed. Mean valid loss: 31.7664
[2024-05-11 06:32:00] ------------------------------------------------------------
[2024-05-11 06:32:54] Best hidden size: 2048 | Best learning rate: 0.001
[2024-05-11 06:32:54] Start test on fold [4].
[2024-05-11 06:37:00] Test loss: 22.9234
[2024-05-11 06:37:00] Test accuracy: 0.9538
[2024-05-11 06:37:00] Test recall: 0.3255
[2024-05-11 06:37:00] ************************************************************

[2024-05-11 06:37:00] CV completed
[2024-05-11 06:37:00] MSE: 29.2794 ± 8.6662
[2024-05-11 06:37:00] Confidence interval: [18.5206, 40.0382]
[2024-05-11 06:37:00] RMSE: 5.3604 ± 0.7389
[2024-05-11 06:37:00] average accuracy on test: 0.9539988795168519
[2024-05-11 06:37:00] average recall on test: {0.3322800105295231}
