[2024-05-01 09:36:07] Outer: train folds [1, 2, 3, 4], test folds 0
[2024-05-01 09:36:07] ------------------------------------------------------------
[2024-05-01 09:36:07] Hidden size: 2048 | Learning rate: 0.001
[2024-05-01 09:37:42] Start inner loop: train folds [2, 3, 4], valid folds [1]
[2024-05-01 10:45:46] Start inner loop: train folds [1, 3, 4], valid folds [2]
[2024-05-01 14:10:59] Start inner loop: train folds [1, 2, 4], valid folds [3]
[2024-05-01 16:52:21] Start inner loop: train folds [1, 2, 3], valid folds [4]
[2024-05-01 18:04:04] Inner loop completed. Mean valid loss: 24.0396
[2024-05-01 18:04:04] ------------------------------------------------------------
[2024-05-01 18:06:03] Best hidden size: 2048 | Best learning rate: 0.001
[2024-05-01 18:06:03] Start test on fold [0].
[2024-05-01 22:22:07] Test loss: 48.5996
[2024-05-01 22:22:07] Test accuracy: 0.9563
[2024-05-01 22:22:07] Test recall: 0.3745
[2024-05-01 22:22:07] ************************************************************

[2024-05-01 22:22:07] Outer: train folds [0, 2, 3, 4], test folds 1
[2024-05-01 22:22:07] ------------------------------------------------------------
[2024-05-01 22:22:07] Hidden size: 2048 | Learning rate: 0.001
[2024-05-01 22:24:23] Start inner loop: train folds [2, 3, 4], valid folds [0]
[2024-05-02 00:14:06] Start inner loop: train folds [0, 3, 4], valid folds [2]
[2024-05-02 01:48:57] Start inner loop: train folds [0, 2, 4], valid folds [3]
[2024-05-02 03:29:59] Start inner loop: train folds [0, 2, 3], valid folds [4]
[2024-05-02 05:13:50] Inner loop completed. Mean valid loss: 31.3362
[2024-05-02 05:13:50] ------------------------------------------------------------
[2024-05-02 05:16:33] Best hidden size: 2048 | Best learning rate: 0.001
[2024-05-02 05:16:33] Start test on fold [1].
[2024-05-02 07:13:01] Test loss: 28.2539
[2024-05-02 07:13:01] Test accuracy: 0.9507
[2024-05-02 07:13:01] Test recall: 0.2227
[2024-05-02 07:13:01] ************************************************************

[2024-05-02 07:13:01] Outer: train folds [0, 1, 3, 4], test folds 2
[2024-05-02 07:13:01] ------------------------------------------------------------
[2024-05-02 07:13:01] Hidden size: 2048 | Learning rate: 0.001
[2024-05-02 07:15:19] Start inner loop: train folds [1, 3, 4], valid folds [0]
[2024-05-02 09:05:06] Start inner loop: train folds [0, 3, 4], valid folds [1]
[2024-05-02 10:45:12] Start inner loop: train folds [0, 1, 4], valid folds [3]
[2024-05-02 12:22:38] Start inner loop: train folds [0, 1, 3], valid folds [4]
[2024-05-02 13:54:58] Inner loop completed. Mean valid loss: 31.0227
[2024-05-02 13:54:58] ------------------------------------------------------------
[2024-05-02 13:57:24] Best hidden size: 2048 | Best learning rate: 0.001
[2024-05-02 13:57:24] Start test on fold [2].
[2024-05-02 15:50:25] Test loss: 25.3799
[2024-05-02 15:50:25] Test accuracy: 0.9580
[2024-05-02 15:50:25] Test recall: 0.3421
[2024-05-02 15:50:25] ************************************************************

[2024-05-02 15:50:25] Outer: train folds [0, 1, 2, 4], test folds 3
[2024-05-02 15:50:25] ------------------------------------------------------------
[2024-05-02 15:50:25] Hidden size: 2048 | Learning rate: 0.001
[2024-05-02 15:52:29] Start inner loop: train folds [1, 2, 4], valid folds [0]
[2024-05-02 17:35:27] Start inner loop: train folds [0, 2, 4], valid folds [1]
[2024-05-02 19:24:02] Start inner loop: train folds [0, 1, 4], valid folds [2]
[2024-05-02 21:16:52] Start inner loop: train folds [0, 1, 2], valid folds [4]
[2024-05-02 22:57:02] Inner loop completed. Mean valid loss: 31.5383
[2024-05-02 22:57:02] ------------------------------------------------------------
[2024-05-02 22:59:29] Best hidden size: 2048 | Best learning rate: 0.001
[2024-05-02 22:59:29] Start test on fold [3].
[2024-05-03 00:52:36] Test loss: 22.5564
[2024-05-03 00:52:36] Test accuracy: 0.9523
[2024-05-03 00:52:36] Test recall: 0.3077
[2024-05-03 00:52:36] ************************************************************

[2024-05-03 00:52:36] Outer: train folds [0, 1, 2, 3], test folds 4
[2024-05-03 00:52:36] ------------------------------------------------------------
[2024-05-03 00:52:36] Hidden size: 2048 | Learning rate: 0.001
[2024-05-03 00:54:30] Start inner loop: train folds [1, 2, 3], valid folds [0]
[2024-05-03 02:34:19] Start inner loop: train folds [0, 2, 3], valid folds [1]
[2024-05-03 04:11:46] Start inner loop: train folds [0, 1, 3], valid folds [2]
[2024-05-03 06:01:30] Start inner loop: train folds [0, 1, 2], valid folds [3]
[2024-05-03 07:40:10] Inner loop completed. Mean valid loss: 31.6897
[2024-05-03 07:40:10] ------------------------------------------------------------
[2024-05-03 07:42:32] Best hidden size: 2048 | Best learning rate: 0.001
[2024-05-03 07:42:32] Start test on fold [4].
[2024-05-03 09:35:21] Test loss: 40.6068
[2024-05-03 09:35:21] Test accuracy: 0.9532
[2024-05-03 09:35:21] Test recall: 0.3172
[2024-05-03 09:35:21] ************************************************************

[2024-05-03 09:35:21] CV completed
[2024-05-03 09:35:21] MSE: 33.0793 ± 9.9080
[2024-05-03 09:35:21] Confidence interval: [20.7789, 45.3798]
[2024-05-03 09:35:21] RMSE: 5.6893 ± 0.8435
